[15:27:33] [ServerMain/INFO]: [bootstrap] Running Java 21 (OpenJDK 64-Bit Server VM 21.0.8+9-LTS; Microsoft Microsoft-11933218) on Windows 10 10.0 (amd64)
[15:27:33] [ServerMain/INFO]: [bootstrap] Loading Paper 1.21.11-67-main@bc0c3d8 (2025-12-30T17:27:55Z) for Minecraft 1.21.11
[15:27:35] [ServerMain/INFO]: [PluginInitializerManager] Initializing plugins...
[15:27:36] [ServerMain/INFO]: [PluginInitializerManager] Initialized 0 plugins
[15:27:48] [ServerMain/INFO]: Environment: Environment[sessionHost=https://sessionserver.mojang.com, servicesHost=https://api.minecraftservices.com, profilesHost=https://api.mojang.com, name=PROD]
[15:27:49] [ServerMain/INFO]: Found new data pack file/bukkit, loading it automatically
[15:27:49] [ServerMain/INFO]: Found new data pack paper, loading it automatically
[15:27:51] [ServerMain/INFO]: No existing world data, creating new world
[15:27:54] [ServerMain/INFO]: Loaded 1470 recipes
[15:27:54] [ServerMain/INFO]: Loaded 1584 advancements
[15:27:54] [ServerMain/INFO]: [ca.spottedleaf.dataconverter.minecraft.datatypes.MCTypeRegistry] Initialising converters for DataConverter...
[15:27:55] [ServerMain/INFO]: [ca.spottedleaf.dataconverter.minecraft.datatypes.MCTypeRegistry] Finished initialising converters for DataConverter in 808,3ms
[15:27:56] [Server thread/INFO]: Starting minecraft server version 1.21.11
[15:27:56] [Server thread/WARN]: ****************************
[15:27:56] [Server thread/WARN]: YOU ARE RUNNING THIS SERVER AS AN ADMINISTRATIVE OR ROOT USER. THIS IS NOT ADVISED.
[15:27:56] [Server thread/WARN]: YOU ARE OPENING YOURSELF UP TO POTENTIAL RISKS WHEN DOING THIS.
[15:27:56] [Server thread/WARN]: FOR MORE INFORMATION, SEE https://madelinemiller.dev/blog/root-minecraft-server/
[15:27:56] [Server thread/WARN]: ****************************
[15:27:56] [Server thread/INFO]: Loading properties
[15:27:56] [Server thread/INFO]: This server is running Paper version 1.21.11-67-main@bc0c3d8 (2025-12-30T17:27:55Z) (Implementing API version 1.21.11-R0.1-SNAPSHOT)
[15:27:56] [Server thread/INFO]: [spark] This server bundles the spark profiler. For more information please visit https://docs.papermc.io/paper/profiling
[15:27:57] [Server thread/INFO]: Server Ping Player Sample Count: 12
[15:27:57] [Server thread/INFO]: Using 4 threads for Netty based IO
[15:27:59] [Server thread/INFO]: [MoonriseCommon] Paper is using 4 worker threads, 1 I/O threads
[15:27:59] [Server thread/INFO]: Default game type: SURVIVAL
[15:27:59] [Server thread/INFO]: Generating keypair
[15:27:59] [Server thread/INFO]: Starting Minecraft server on *:25565
[15:28:00] [Server thread/INFO]: Paper: Using Java compression from Velocity.
[15:28:00] [Server thread/INFO]: Paper: Using Java cipher from Velocity.
[15:28:00] [Server thread/INFO]: Preparing level "world"
[15:28:01] [Server thread/INFO]: Selecting spawn point for world 'minecraft:overworld'...
[15:28:12] [Server thread/INFO]: Selecting spawn point for world 'minecraft:the_nether'...
[15:28:17] [Server thread/INFO]: Selecting spawn point for world 'minecraft:the_end'...
[15:28:18] [Server thread/INFO]: Loading 0 persistent chunks for world 'minecraft:overworld'...
[15:28:18] [Server thread/INFO]: Preparing spawn area: 100%
[15:28:18] [Server thread/INFO]: Prepared spawn area in 17319 ms
[15:28:18] [Server thread/INFO]: Loading 0 persistent chunks for world 'minecraft:the_nether'...
[15:28:18] [Server thread/INFO]: Preparing spawn area: 100%
[15:28:18] [Server thread/INFO]: Prepared spawn area in 6231 ms
[15:28:18] [Server thread/INFO]: Loading 0 persistent chunks for world 'minecraft:the_end'...
[15:28:18] [Server thread/INFO]: Preparing spawn area: 100%
[15:28:18] [Server thread/INFO]: Prepared spawn area in 1196 ms
[15:28:18] [Server thread/INFO]: Done preparing level "world" (18.553s)
[15:28:20] [Server thread/INFO]: [spark] Starting background profiler...
[15:28:20] [Server thread/INFO]: [spark] The async-profiler engine is not supported for your os/arch (windows10/amd64), so the built-in Java engine will be used instead.
[15:28:20] [Server thread/INFO]: Running delayed init tasks
[15:28:20] [Server thread/INFO]: Done (48.323s)! For help, type "help"
[15:28:20] [Server thread/INFO]: *************************************************************************************
[15:28:20] [Server thread/INFO]: This is the first time you're starting this server.
[15:28:20] [Server thread/INFO]: It's recommended you read our 'Getting Started' documentation for guidance.
[15:28:20] [Server thread/INFO]: View this and more helpful information here: https://docs.papermc.io/paper/next-steps
[15:28:20] [Server thread/INFO]: *************************************************************************************
[15:28:47] [Server thread/INFO]: Stopping server
[15:28:47] [Server thread/INFO]: Saving players
[15:28:47] [Server thread/INFO]: Saving worlds
[15:28:47] [Server thread/INFO]: Saving chunks for level 'ServerLevel[world]'/minecraft:overworld
[15:28:47] [Server thread/INFO]: [ChunkHolderManager] Waiting 60s for chunk system to halt for world 'world'
[15:28:47] [Server thread/INFO]: [ChunkHolderManager] Halted chunk system for world 'world'
[15:28:47] [Server thread/INFO]: [ChunkHolderManager] Saving all chunkholders for world 'world'
[15:28:47] [Server thread/INFO]: [ChunkHolderManager] Saved 0 block chunks, 0 entity chunks, 0 poi chunks in world 'world' in 0,00s
[15:28:47] [Server thread/INFO]: [ChunkHolderManager] Waiting 60s for chunk I/O to halt for world 'world'
[15:28:47] [Server thread/INFO]: [ChunkHolderManager] Halted I/O scheduler for world 'world'
[15:28:47] [Server thread/INFO]: Saving chunks for level 'ServerLevel[world_nether]'/minecraft:the_nether
[15:28:47] [Server thread/INFO]: [ChunkHolderManager] Waiting 60s for chunk system to halt for world 'world_nether'
[15:28:47] [Server thread/INFO]: [ChunkHolderManager] Halted chunk system for world 'world_nether'
[15:28:47] [Server thread/INFO]: [ChunkHolderManager] Saving all chunkholders for world 'world_nether'
[15:28:47] [Server thread/INFO]: [ChunkHolderManager] Saved 0 block chunks, 0 entity chunks, 0 poi chunks in world 'world_nether' in 0,00s
[15:28:47] [Server thread/INFO]: [ChunkHolderManager] Waiting 60s for chunk I/O to halt for world 'world_nether'
[15:28:47] [Server thread/INFO]: [ChunkHolderManager] Halted I/O scheduler for world 'world_nether'
[15:28:47] [Server thread/INFO]: Saving chunks for level 'ServerLevel[world_the_end]'/minecraft:the_end
[15:28:47] [Server thread/INFO]: [ChunkHolderManager] Waiting 60s for chunk system to halt for world 'world_the_end'
[15:28:47] [Server thread/INFO]: [ChunkHolderManager] Halted chunk system for world 'world_the_end'
[15:28:47] [Server thread/INFO]: [ChunkHolderManager] Saving all chunkholders for world 'world_the_end'
[15:28:47] [Server thread/INFO]: [ChunkHolderManager] Saved 0 block chunks, 0 entity chunks, 0 poi chunks in world 'world_the_end' in 0,00s
[15:28:47] [Server thread/INFO]: [ChunkHolderManager] Waiting 60s for chunk I/O to halt for world 'world_the_end'
[15:28:47] [Server thread/INFO]: [ChunkHolderManager] Halted I/O scheduler for world 'world_the_end'
[15:28:47] [Server thread/INFO]: ThreadedAnvilChunkStorage (world): All chunks are saved
[15:28:47] [Server thread/INFO]: ThreadedAnvilChunkStorage (DIM-1): All chunks are saved
[15:28:47] [Server thread/INFO]: ThreadedAnvilChunkStorage (DIM1): All chunks are saved
[15:28:47] [Server thread/INFO]: ThreadedAnvilChunkStorage: All dimensions are saved
[15:28:47] [Server thread/INFO]: Waiting for all RegionFile I/O tasks to complete...
[15:28:47] [Server thread/INFO]: All RegionFile I/O tasks to complete
[15:28:47] [Server thread/INFO]: [MoonriseCommon] Awaiting termination of worker pool for up to 60s...
[15:28:47] [Server thread/INFO]: [MoonriseCommon] Awaiting termination of I/O pool for up to 60s...
